<?xml version="1.0" encoding="UTF-8"?>
<beans xmlns="http://www.springframework.org/schema/beans" xmlns:xsi="http://www.w3.org/2001/XMLSchema-instance"
       xmlns:context="http://www.springframework.org/schema/context"
       xsi:schemaLocation="http://www.springframework.org/schema/beans http://www.springframework.org/schema/beans/spring-beans-2.5.xsd
       http://www.springframework.org/schema/context http://www.springframework.org/schema/context/spring-context-2.5.xsd">

    <context:property-placeholder location="classpath*:test-email-service.properties"/>

    <import resource="classpath:contexts/scanning-context.xml"/>
    <import resource="classpath:contexts/template-config-context.xml"/>

    <bean class="com.dumbster.smtp.SimpleSmtpServer" init-method="start" destroy-method="stop">
        <constructor-arg index="0" value="25"/>
    </bean>

</beans>