<?xml version="1.0" encoding="UTF-8"?>
<beans xmlns="http://www.springframework.org/schema/beans" xmlns:xsi="http://www.w3.org/2001/XMLSchema-instance"
       xmlns:context="http://www.springframework.org/schema/context"
       xmlns:util="http://www.springframework.org/schema/util"
       xsi:schemaLocation="http://www.springframework.org/schema/beans http://www.springframework.org/schema/beans/spring-beans-2.5.xsd
       http://www.springframework.org/schema/context http://www.springframework.org/schema/context/spring-context-2.5.xsd http://www.springframework.org/schema/util http://www.springframework.org/schema/util/spring-util.xsd">

    <context:property-placeholder location="classpath*:test-email-service.properties"/>

    <bean id="systemPropertiesLoader"
          class="org.springframework.beans.factory.config.MethodInvokingFactoryBean">
        <property name="targetObject" value="#{@systemProperties}"/>
        <property name="targetMethod" value="putAll"/>
        <property name="arguments">
            <util:properties location="classpath:email-service.properties"/>
        </property>
    </bean>

    <import resource="classpath:contexts/scanning-context.xml"/>
    <import resource="classpath:contexts/camel-context.xml"/>
    <import resource="classpath:contexts/logging-context.xml"/>
    <import resource="classpath:contexts/template-config-context.xml"/>
    <import resource="classpath:contexts/queue-context.xml"/>

</beans>